2020-03-20 22:44:39,046 users_views.py[line:49] DEBUG RegistHandle: regist successfully
2020-03-20 22:50:39,147 users_views.py[line:49] DEBUG RegistHandle: regist successfully
2020-03-20 22:50:57,795 users_views.py[line:44] INFO RegistHandle: request argument incorrect
2020-03-20 22:51:04,530 users_views.py[line:49] DEBUG RegistHandle: regist successfully
2020-03-21 12:56:28,504 users_views.py[line:65] DEBUG RegistHandle: insert db, user: 18600694874
2020-03-21 12:56:28,504 users_views.py[line:72] DEBUG RegistHandle: regist successfully
2020-03-21 13:00:43,860 users_views.py[line:65] DEBUG RegistHandle: insert db, user: 18600694874
2020-03-21 13:00:58,343 users_views.py[line:65] DEBUG RegistHandle: insert db, user: 18600694874
2020-03-21 13:00:58,346 users_views.py[line:72] DEBUG RegistHandle: regist successfully
2020-03-21 13:02:05,816 users_views.py[line:65] DEBUG RegistHandle: insert db, user: 18600694875
2020-03-21 13:05:55,016 users_views.py[line:65] DEBUG RegistHandle: insert db, user: 18600694875
2020-03-21 13:05:55,075 users_views.py[line:72] DEBUG RegistHandle: regist successfully
2020-03-21 13:06:10,028 users_views.py[line:65] DEBUG RegistHandle: insert db, user: 18600694876
2020-03-21 13:06:10,090 users_views.py[line:72] DEBUG RegistHandle: regist successfully
2020-03-21 13:52:35,502 users_views.py[line:65] DEBUG RegistHandle: insert db, user: 18600694877
2020-03-21 13:52:35,561 users_views.py[line:72] DEBUG RegistHandle: regist successfully
2020-03-21 17:04:16,791 users_views.py[line:49] DEBUG loginHandle: regist successfully
2020-03-21 17:05:20,576 users_views.py[line:56] DEBUG loginHandle: regist successfully
2020-03-21 17:06:13,736 users_views.py[line:58] DEBUG loginHandle: regist successfully
2020-03-21 17:08:45,006 users_views.py[line:59] DEBUG loginHandle: 用户信息不存在
2020-03-21 17:11:06,102 users_views.py[line:58] DEBUG loginHandle: regist successfully
2020-03-21 18:21:09,477 users_views.py[line:101] DEBUG RegistHandle: insert db, user: 18600694877
2020-03-21 18:21:09,480 users_views.py[line:108] DEBUG RegistHandle: regist successfully
2020-03-21 18:27:23,009 users_views.py[line:101] DEBUG RegistHandle: insert db, user: 18600694876
2020-03-21 18:27:23,012 users_views.py[line:108] DEBUG RegistHandle: regist successfully
2020-03-21 18:35:00,958 users_views.py[line:104] DEBUG RegistHandle: insert db, user: 18600694876
2020-03-21 18:35:00,961 users_views.py[line:111] DEBUG RegistHandle: regist successfully
2020-03-21 18:35:36,142 users_views.py[line:104] DEBUG RegistHandle: insert db, user: 18600694877
2020-03-21 18:35:36,147 users_views.py[line:112] DEBUG RegistHandle: regist successfully
2020-03-21 18:39:17,099 users_views.py[line:104] DEBUG RegistHandle: insert db, user: 18600694878
2020-03-21 18:39:17,102 users_views.py[line:114] DEBUG RegistHandle: regist successfully
2020-03-21 18:39:46,981 users_views.py[line:104] DEBUG RegistHandle: insert db, user: 18600694879
2020-03-21 18:39:46,985 users_views.py[line:114] DEBUG RegistHandle: regist successfully
2020-03-21 18:51:57,776 users_views.py[line:104] DEBUG RegistHandle: insert db, user: 18600694871
2020-03-21 18:51:57,779 users_views.py[line:111] DEBUG RegistHandle: regist successfully
2020-03-21 18:55:48,705 users_views.py[line:104] DEBUG RegistHandle: insert db, user: 18600694872
2020-03-21 18:55:48,710 users_views.py[line:112] DEBUG RegistHandle: regist successfully
2020-03-21 20:18:42,059 users_views.py[line:104] DEBUG RegistHandle: insert db, user: 18600694873
2020-03-21 20:18:42,063 users_views.py[line:115] DEBUG RegistHandle: regist successfully
2020-03-21 20:19:03,380 users_views.py[line:104] DEBUG RegistHandle: insert db, user: 18600694881
2020-03-21 20:19:03,441 users_views.py[line:116] DEBUG RegistHandle: regist successfully
2020-03-21 20:20:36,276 users_views.py[line:104] DEBUG RegistHandle: insert db, user: 18600694882
2020-03-21 20:20:36,281 users_views.py[line:116] DEBUG RegistHandle: regist successfully
2020-03-21 20:21:05,272 users_views.py[line:104] DEBUG RegistHandle: insert db, user: 18600694883
2020-03-21 20:21:05,334 users_views.py[line:116] DEBUG RegistHandle: regist successfully
2020-03-21 20:24:02,907 users_views.py[line:105] DEBUG RegistHandle: insert db, user: 18600694884
2020-03-21 20:25:31,171 users_views.py[line:105] DEBUG RegistHandle: insert db, user: 18600694885
2020-03-21 20:25:31,234 users_views.py[line:117] DEBUG RegistHandle: regist successfully
2020-03-21 20:31:13,912 users_views.py[line:105] DEBUG RegistHandle: insert db, user: 18600694886
2020-03-21 20:34:58,686 users_views.py[line:105] DEBUG RegistHandle: insert db, user: 18600694887
2020-03-21 20:34:58,690 users_views.py[line:117] DEBUG RegistHandle: regist successfully
2020-03-21 20:39:43,308 users_views.py[line:105] DEBUG RegistHandle: insert db, user: 18600694888
2020-03-21 20:39:43,315 users_views.py[line:117] DEBUG RegistHandle: regist successfully
2020-03-21 20:40:31,313 users_views.py[line:105] DEBUG RegistHandle: insert db, user: 18600694889
2020-03-21 20:40:31,318 users_views.py[line:115] DEBUG RegistHandle: regist successfully
2020-03-21 20:44:24,473 users_views.py[line:105] DEBUG RegistHandle: insert db, user: 18600694890
2020-03-21 20:44:24,477 users_views.py[line:116] DEBUG RegistHandle: regist successfully
2020-03-21 20:46:37,286 users_views.py[line:105] DEBUG RegistHandle: insert db, user: 18600694891
2020-03-21 20:46:37,288 users_views.py[line:113] DEBUG RegistHandle: regist successfully
2020-03-21 20:52:51,207 users_views.py[line:63] DEBUG loginHandle: regist successfully
2020-03-21 20:53:44,167 users_views.py[line:65] DEBUG loginHandle: regist successfully
2020-03-21 23:49:10,752 users_views.py[line:109] DEBUG RegistHandle: insert db, user: 18600694892
2020-03-21 23:49:10,812 users_views.py[line:116] DEBUG RegistHandle: regist successfully
2020-03-21 23:51:23,924 users_views.py[line:108] DEBUG RegistHandle: insert db, user: 18600694893
2020-03-21 23:51:23,986 users_views.py[line:115] DEBUG RegistHandle: regist successfully
2020-03-21 23:52:06,763 users_views.py[line:108] DEBUG RegistHandle: insert db, user: 18600694894
2020-03-21 23:52:06,766 users_views.py[line:115] DEBUG RegistHandle: regist successfully
2020-03-22 00:08:24,817 users_views.py[line:60] DEBUG loginHandle: regist successfully
2020-03-22 00:10:45,719 users_views.py[line:61] DEBUG loginHandle: regist successfully
2020-03-22 00:26:34,314 users_views.py[line:62] DEBUG loginHandle: regist successfully
2020-03-22 00:28:05,128 users_views.py[line:64] DEBUG loginHandle: regist successfully
2020-03-22 00:28:25,499 users_views.py[line:64] DEBUG loginHandle: regist successfully
2020-03-22 00:28:35,169 users_views.py[line:64] DEBUG loginHandle: regist successfully
2020-03-22 00:43:01,932 users_views.py[line:65] DEBUG loginHandle: regist successfully
2020-03-22 10:36:41,990 users_views.py[line:63] DEBUG loginHandle: regist successfully
2020-03-22 10:51:28,899 users_views.py[line:64] DEBUG loginHandle: regist successfully
2020-03-22 10:53:17,451 users_views.py[line:65] DEBUG loginHandle: regist successfully
2020-03-22 10:54:02,274 users_views.py[line:65] DEBUG loginHandle: regist successfully
2020-03-22 11:13:53,632 users_views.py[line:74] DEBUG loginHandle: regist successfully
2020-03-22 11:17:16,004 users_views.py[line:70] DEBUG loginHandle: regist successfully
2020-03-22 11:20:34,848 users_views.py[line:71] DEBUG loginHandle: regist successfully
2020-03-22 11:28:22,014 users_views.py[line:73] DEBUG loginHandle: regist successfully
2020-03-22 11:30:39,121 users_views.py[line:73] DEBUG loginHandle: regist successfully
2020-03-22 11:33:01,926 users_views.py[line:73] DEBUG loginHandle: regist successfully
2020-03-22 11:33:43,191 users_views.py[line:73] DEBUG loginHandle: regist successfully
2020-03-22 11:34:06,803 users_views.py[line:117] DEBUG RegistHandle: insert db, user: 18600694895
2020-03-22 11:34:06,863 users_views.py[line:124] DEBUG RegistHandle: regist successfully
2020-03-22 11:54:08,945 users_views.py[line:117] DEBUG RegistHandle: insert db, user: 18600694896
2020-03-22 11:54:09,006 users_views.py[line:124] DEBUG RegistHandle: regist successfully
2020-03-22 13:53:53,852 users_views.py[line:61] DEBUG loginHandle: 用户信息不存在
2020-03-22 13:54:12,420 users_views.py[line:58] DEBUG loginHandle: regist successfully
2020-03-22 14:03:41,020 users_views.py[line:58] DEBUG loginHandle: regist successfully
2020-03-22 14:31:24,227 users_views.py[line:52] INFO usersGet: request argument incorrect
2020-03-22 14:32:30,481 users_views.py[line:52] INFO usersGet: request argument incorrect
2020-03-22 14:33:03,994 users_views.py[line:51] INFO usersGet: request argument incorrect
2020-03-22 14:33:29,122 users_views.py[line:51] INFO usersGet: request argument incorrect
2020-03-22 14:33:50,283 users_views.py[line:51] INFO usersGet: request argument incorrect
2020-03-22 14:34:07,732 users_views.py[line:62] DEBUG loginHandle: regist successfully
